<?xml version="1.0" encoding="UTF-8"?>
<!-- Generated by org.testng.reporters.JUnitXMLReporter -->
<testsuite hostname="RavindraPC" ignored="0" name="PurchaseDress" tests="2" failures="2" timestamp="2020-09-29T18:25:12 IST" time="42.257" errors="0">
  <testcase name="clickon_Purchase" time="0.1" classname="com.shopping.page.Test.PurchaseDress_Test">
    <failure type="java.lang.IllegalStateException" message="No reporters were started. Atleast 1 reporter must be started to create tests.">
      <![CDATA[java.lang.IllegalStateException: No reporters were started. Atleast 1 reporter must be started to create tests.
at com.aventstack.extentreports.Report.createTest(Report.java:69)
at com.aventstack.extentreports.ExtentReports.createTest(ExtentReports.java:241)
at com.aventstack.extentreports.ExtentReports.createTest(ExtentReports.java:254)
at com.shopping.base.java.Listeners.onTestStart(Listeners.java:72)
at java.util.ArrayList.forEach(ArrayList.java:1249)
... Removed 24 stack frames]]>
    </failure>
  </testcase> <!-- clickon_Purchase -->
  <testcase name="clickon_Purchase" time="0.253" classname="com.shopping.page.Test.PurchaseDress_Test">
    <failure type="java.lang.NullPointerException">
      <![CDATA[java.lang.NullPointerException
at com.shopping.base.java.Listeners.onTestFailure(Listeners.java:44)
at java.util.ArrayList.forEach(ArrayList.java:1249)
... Removed 24 stack frames]]>
    </failure>
  </testcase> <!-- clickon_Purchase -->
</testsuite> <!-- PurchaseDress -->
