<?xml version="1.0" encoding="UTF-8"?>
<!-- Generated by org.testng.reporters.JUnitXMLReporter -->
<testsuite hostname="RavindraPC" ignored="0" name="Default test" tests="8" failures="0" timestamp="2020-10-05T10:18:03 IST" time="76.605" errors="0">
  <testcase name="Online_clickon_Purchase" time="14.197" classname="com.shopping.page.Test.Tshirts_Test"/>
  <testcase name="Online_clickon_Size" time="0.639" classname="com.shopping.page.Test.Tshirts_Test"/>
  <testcase name="Online_clickOn_Sortby" time="0.452" classname="com.shopping.page.Test.Tshirts_Test"/>
  <testcase name="Online_clickOn_AddtoCart" time="0.28" classname="com.shopping.page.Test.Tshirts_Test"/>
  <testcase name="Online_clickOn_proceedTocheckout" time="4.523" classname="com.shopping.page.Test.Tshirts_Test"/>
  <testcase name="Online_clickOn_Quantity" time="10.931" classname="com.shopping.page.Test.Tshirts_Test"/>
  <testcase name="Online_clickOn_editAddress" time="19.804" classname="com.shopping.page.Test.Tshirts_Test"/>
  <testcase name="Online_ClickOn_TermsandProceedToCheck" time="6.468" classname="com.shopping.page.Test.Tshirts_Test"/>
</testsuite> <!-- Default test -->
