<?xml version="1.0" encoding="UTF-8"?>
<!-- Generated by org.testng.reporters.JUnitXMLReporter -->
<testsuite hostname="RavindraPC" ignored="0" name="CheckoutPayment" tests="19" failures="0" timestamp="2020-10-05T10:14:05 IST" time="99.645" errors="0">
  <testcase name="ClickOn_MultipleDress" time="9.526" classname="com.shopping.page.Test.CheckOutPaymentTest"/>
  <testcase name="Online_clickon_Size" time="1.718" classname="com.shopping.page.Test.CheckOutPaymentTest"/>
  <testcase name="Online_clickOn_Sortby" time="0.146" classname="com.shopping.page.Test.CheckOutPaymentTest"/>
  <testcase name="Online_clickOn_AddtoCart" time="0.273" classname="com.shopping.page.Test.CheckOutPaymentTest"/>
  <testcase name="Online_clickOn_ContinueShopping" time="1.147" classname="com.shopping.page.Test.CheckOutPaymentTest"/>
  <testcase name="Online_clickOn_clickon_WomenTab" time="3.135" classname="com.shopping.page.Test.CheckOutPaymentTest"/>
  <testcase name="Online_clickOn_clickon_checkbox" time="2.263" classname="com.shopping.page.Test.CheckOutPaymentTest"/>
  <testcase name="Online_clickOn_clickOn_Sortby" time="0.174" classname="com.shopping.page.Test.CheckOutPaymentTest"/>
  <testcase name="Online_clickOn_clickOn_AddtoCart" time="0.237" classname="com.shopping.page.Test.CheckOutPaymentTest"/>
  <testcase name="Online_clickOn_clickOn_proceedTocheckout" time="1.563" classname="com.shopping.page.Test.CheckOutPaymentTest"/>
  <testcase name="Online_clickOn_clickon_WomenTab1" time="3.344" classname="com.shopping.page.Test.CheckOutPaymentTest"/>
  <testcase name="Online_clickOn_clickon_checkbox1" time="0.676" classname="com.shopping.page.Test.CheckOutPaymentTest"/>
  <testcase name="Online_clickOn_clickOn_Sortby1" time="0.151" classname="com.shopping.page.Test.CheckOutPaymentTest"/>
  <testcase name="Online_clickOn_clickOn_AddtoCart1" time="2.254" classname="com.shopping.page.Test.CheckOutPaymentTest"/>
  <testcase name="Online_clickOn_clickOn_proceedTocheckout1" time="0.874" classname="com.shopping.page.Test.CheckOutPaymentTest"/>
  <testcase name="Online_clickOn_Hoveron_Cart" time="3.74" classname="com.shopping.page.Test.CheckOutPaymentTest"/>
  <testcase name="Online_clickOn_Quantity" time="10.287" classname="com.shopping.page.Test.CheckOutPaymentTest"/>
  <testcase name="Online_clickOn_editAddress" time="16.557" classname="com.shopping.page.Test.CheckOutPaymentTest"/>
  <testcase name="Online_ClickOn_TermsandProceedToCheck" time="7.392" classname="com.shopping.page.Test.CheckOutPaymentTest"/>
</testsuite> <!-- CheckoutPayment -->
