<?xml version="1.0" encoding="UTF-8"?>
<!-- Generated by org.testng.reporters.JUnitXMLReporter -->
<testsuite hostname="RavindraPC" ignored="0" name="PurchaseDress" tests="8" failures="0" timestamp="2020-10-05T10:12:25 IST" time="147.284" errors="0">
  <testcase name="Online_clickon_Purchase" time="16.093" classname="com.shopping.page.Test.Tshirts_Test"/>
  <testcase name="Online_clickon_Size" time="1.814" classname="com.shopping.page.Test.Tshirts_Test"/>
  <testcase name="Online_clickOn_Sortby" time="1.084" classname="com.shopping.page.Test.Tshirts_Test"/>
  <testcase name="Online_clickOn_AddtoCart" time="0.298" classname="com.shopping.page.Test.Tshirts_Test"/>
  <testcase name="Online_clickOn_proceedTocheckout" time="4.726" classname="com.shopping.page.Test.Tshirts_Test"/>
  <testcase name="Online_clickOn_Quantity" time="12.505" classname="com.shopping.page.Test.Tshirts_Test"/>
  <testcase name="Online_clickOn_editAddress" time="40.875" classname="com.shopping.page.Test.Tshirts_Test"/>
  <testcase name="Online_ClickOn_TermsandProceedToCheck" time="7.446" classname="com.shopping.page.Test.Tshirts_Test"/>
</testsuite> <!-- PurchaseDress -->
